[ 2015-02-04T14:17:56+08:00 ] 127.0.0.1 /QiJi/index.php/Home/Index/test
INFO: [ app_init ] --START--
INFO: Run Behavior\BuildLiteBehavior [ RunTime:0.000014s ]
INFO: [ app_init ] --END-- [ RunTime:0.000393s ]
INFO: [ app_begin ] --START--
INFO: Run Behavior\ReadHtmlCacheBehavior [ RunTime:0.000498s ]
INFO: [ app_begin ] --END-- [ RunTime:0.000548s ]
INFO: [ view_parse ] --START--
INFO: [ template_filter ] --START--
INFO: Run Behavior\ContentReplaceBehavior [ RunTime:0.000034s ]
INFO: [ template_filter ] --END-- [ RunTime:0.000092s ]
INFO: Run Behavior\ParseTemplateBehavior [ RunTime:0.012798s ]
INFO: [ view_parse ] --END-- [ RunTime:0.012876s ]
INFO: [ view_filter ] --START--
INFO: Run Behavior\WriteHtmlCacheBehavior [ RunTime:0.000291s ]
INFO: [ view_filter ] --END-- [ RunTime:0.000336s ]
INFO: [ app_end ] --START--
INFO: Run Behavior\ShowPageTraceBehavior [ RunTime:0.000497s ]
INFO: [ app_end ] --END-- [ RunTime:0.000542s ]

[ 2015-02-04T14:35:38+08:00 ] 127.0.0.1 /QiJi/index.php/Home/Index/pregTest
INFO: [ app_init ] --START--
INFO: Run Behavior\BuildLiteBehavior [ RunTime:0.000021s ]
INFO: [ app_init ] --END-- [ RunTime:0.000552s ]
INFO: [ app_begin ] --START--
INFO: Run Behavior\ReadHtmlCacheBehavior [ RunTime:0.000765s ]
INFO: [ app_begin ] --END-- [ RunTime:0.000852s ]
INFO: [ app_end ] --START--
INFO: Run Behavior\ShowPageTraceBehavior [ RunTime:0.000550s ]
INFO: [ app_end ] --END-- [ RunTime:0.000612s ]

[ 2015-02-04T14:36:34+08:00 ] 127.0.0.1 /QiJi/index.php/Home/Index/pregTest
INFO: [ app_init ] --START--
INFO: Run Behavior\BuildLiteBehavior [ RunTime:0.000015s ]
INFO: [ app_init ] --END-- [ RunTime:0.000437s ]
INFO: [ app_begin ] --START--
INFO: Run Behavior\ReadHtmlCacheBehavior [ RunTime:0.000612s ]
INFO: [ app_begin ] --END-- [ RunTime:0.000682s ]
INFO: [ app_end ] --START--
INFO: Run Behavior\ShowPageTraceBehavior [ RunTime:0.000576s ]
INFO: [ app_end ] --END-- [ RunTime:0.000639s ]

[ 2015-02-04T14:36:52+08:00 ] 127.0.0.1 /QiJi/index.php/Home/Index/pregTest
INFO: [ app_init ] --START--
INFO: Run Behavior\BuildLiteBehavior [ RunTime:0.000013s ]
INFO: [ app_init ] --END-- [ RunTime:0.000401s ]
INFO: [ app_begin ] --START--
INFO: Run Behavior\ReadHtmlCacheBehavior [ RunTime:0.000570s ]
INFO: [ app_begin ] --END-- [ RunTime:0.000624s ]
INFO: [ app_end ] --START--
INFO: Run Behavior\ShowPageTraceBehavior [ RunTime:0.000620s ]
INFO: [ app_end ] --END-- [ RunTime:0.000730s ]

[ 2015-02-04T14:36:53+08:00 ] 127.0.0.1 /QiJi/index.php/Home/Index/pregTest
INFO: [ app_init ] --START--
INFO: Run Behavior\BuildLiteBehavior [ RunTime:0.000017s ]
INFO: [ app_init ] --END-- [ RunTime:0.000394s ]
INFO: [ app_begin ] --START--
INFO: Run Behavior\ReadHtmlCacheBehavior [ RunTime:0.000550s ]
INFO: [ app_begin ] --END-- [ RunTime:0.000641s ]
INFO: [ app_end ] --START--
INFO: Run Behavior\ShowPageTraceBehavior [ RunTime:0.000549s ]
INFO: [ app_end ] --END-- [ RunTime:0.000619s ]

[ 2015-02-04T14:37:05+08:00 ] 127.0.0.1 /QiJi/index.php/Home/Index/pregTest
INFO: [ app_init ] --START--
INFO: Run Behavior\BuildLiteBehavior [ RunTime:0.000014s ]
INFO: [ app_init ] --END-- [ RunTime:0.000381s ]
INFO: [ app_begin ] --START--
INFO: Run Behavior\ReadHtmlCacheBehavior [ RunTime:0.000589s ]
INFO: [ app_begin ] --END-- [ RunTime:0.000658s ]
INFO: [ app_end ] --START--
INFO: Run Behavior\ShowPageTraceBehavior [ RunTime:0.000668s ]
INFO: [ app_end ] --END-- [ RunTime:0.000750s ]

[ 2015-02-04T14:37:11+08:00 ] 127.0.0.1 /QiJi/index.php/Home/Index/pregTest
INFO: [ app_init ] --START--
INFO: Run Behavior\BuildLiteBehavior [ RunTime:0.000014s ]
INFO: [ app_init ] --END-- [ RunTime:0.000348s ]
INFO: [ app_begin ] --START--
INFO: Run Behavior\ReadHtmlCacheBehavior [ RunTime:0.000583s ]
INFO: [ app_begin ] --END-- [ RunTime:0.000661s ]
INFO: [ app_end ] --START--
INFO: Run Behavior\ShowPageTraceBehavior [ RunTime:0.000465s ]
INFO: [ app_end ] --END-- [ RunTime:0.000520s ]

[ 2015-02-04T14:38:52+08:00 ] 127.0.0.1 /QiJi/index.php/Home/Index/test
INFO: [ app_init ] --START--
INFO: Run Behavior\BuildLiteBehavior [ RunTime:0.000014s ]
INFO: [ app_init ] --END-- [ RunTime:0.000390s ]
INFO: [ app_begin ] --START--
INFO: Run Behavior\ReadHtmlCacheBehavior [ RunTime:0.000603s ]
INFO: [ app_begin ] --END-- [ RunTime:0.000661s ]
INFO: [ view_parse ] --START--
INFO: [ template_filter ] --START--
INFO: Run Behavior\ContentReplaceBehavior [ RunTime:0.000038s ]
INFO: [ template_filter ] --END-- [ RunTime:0.000121s ]
INFO: Run Behavior\ParseTemplateBehavior [ RunTime:0.013327s ]
INFO: [ view_parse ] --END-- [ RunTime:0.013418s ]
INFO: [ view_filter ] --START--
INFO: Run Behavior\WriteHtmlCacheBehavior [ RunTime:0.000349s ]
INFO: [ view_filter ] --END-- [ RunTime:0.000397s ]
INFO: [ app_end ] --START--
INFO: Run Behavior\ShowPageTraceBehavior [ RunTime:0.000562s ]
INFO: [ app_end ] --END-- [ RunTime:0.000610s ]

[ 2015-02-04T14:42:55+08:00 ] 127.0.0.1 /QiJi/index.php/Home/Index/test
INFO: [ app_init ] --START--
INFO: Run Behavior\BuildLiteBehavior [ RunTime:0.000014s ]
INFO: [ app_init ] --END-- [ RunTime:0.000366s ]
INFO: [ app_begin ] --START--
INFO: Run Behavior\ReadHtmlCacheBehavior [ RunTime:0.000551s ]
INFO: [ app_begin ] --END-- [ RunTime:0.000607s ]
INFO: [ view_parse ] --START--
INFO: [ template_filter ] --START--
INFO: Run Behavior\ContentReplaceBehavior [ RunTime:0.000036s ]
INFO: [ template_filter ] --END-- [ RunTime:0.000111s ]
INFO: Run Behavior\ParseTemplateBehavior [ RunTime:0.009098s ]
INFO: [ view_parse ] --END-- [ RunTime:0.009172s ]
INFO: [ view_filter ] --START--
INFO: Run Behavior\WriteHtmlCacheBehavior [ RunTime:0.000519s ]
INFO: [ view_filter ] --END-- [ RunTime:0.000571s ]
INFO: [ app_end ] --START--
INFO: Run Behavior\ShowPageTraceBehavior [ RunTime:0.000638s ]
INFO: [ app_end ] --END-- [ RunTime:0.000706s ]

[ 2015-02-04T14:45:39+08:00 ] 127.0.0.1 /QiJi/index.php/Home/Index/pregTest
INFO: [ app_init ] --START--
INFO: Run Behavior\BuildLiteBehavior [ RunTime:0.000013s ]
INFO: [ app_init ] --END-- [ RunTime:0.000380s ]
INFO: [ app_begin ] --START--
INFO: Run Behavior\ReadHtmlCacheBehavior [ RunTime:0.000555s ]
INFO: [ app_begin ] --END-- [ RunTime:0.000610s ]
INFO: [ app_end ] --START--
INFO: Run Behavior\ShowPageTraceBehavior [ RunTime:0.000692s ]
INFO: [ app_end ] --END-- [ RunTime:0.000796s ]

[ 2015-02-04T14:45:53+08:00 ] 127.0.0.1 /QiJi/index.php/Home/Index/pregTest
INFO: [ app_init ] --START--
INFO: Run Behavior\BuildLiteBehavior [ RunTime:0.000022s ]
INFO: [ app_init ] --END-- [ RunTime:0.000429s ]
INFO: [ app_begin ] --START--
INFO: Run Behavior\ReadHtmlCacheBehavior [ RunTime:0.000618s ]
INFO: [ app_begin ] --END-- [ RunTime:0.000681s ]
INFO: [ app_end ] --START--
INFO: Run Behavior\ShowPageTraceBehavior [ RunTime:0.000563s ]
INFO: [ app_end ] --END-- [ RunTime:0.000643s ]

[ 2015-02-04T14:57:39+08:00 ] 127.0.0.1 /QiJi/index.php/Home/Index/test
INFO: [ app_init ] --START--
INFO: Run Behavior\BuildLiteBehavior [ RunTime:0.000014s ]
INFO: [ app_init ] --END-- [ RunTime:0.000421s ]
INFO: [ app_begin ] --START--
INFO: Run Behavior\ReadHtmlCacheBehavior [ RunTime:0.000569s ]
INFO: [ app_begin ] --END-- [ RunTime:0.000625s ]
INFO: [ view_parse ] --START--
INFO: [ template_filter ] --START--
INFO: Run Behavior\ContentReplaceBehavior [ RunTime:0.000052s ]
INFO: [ template_filter ] --END-- [ RunTime:0.000142s ]
INFO: Run Behavior\ParseTemplateBehavior [ RunTime:0.011581s ]
INFO: [ view_parse ] --END-- [ RunTime:0.011736s ]
INFO: [ view_filter ] --START--
INFO: Run Behavior\WriteHtmlCacheBehavior [ RunTime:0.000730s ]
INFO: [ view_filter ] --END-- [ RunTime:0.000817s ]
INFO: [ app_end ] --START--
INFO: Run Behavior\ShowPageTraceBehavior [ RunTime:0.000910s ]
INFO: [ app_end ] --END-- [ RunTime:0.000970s ]

[ 2015-02-04T14:58:07+08:00 ] 127.0.0.1 /QiJi/index.php/Home/Index/test
INFO: [ app_init ] --START--
INFO: Run Behavior\BuildLiteBehavior [ RunTime:0.000014s ]
INFO: [ app_init ] --END-- [ RunTime:0.000379s ]
INFO: [ app_begin ] --START--
INFO: Run Behavior\ReadHtmlCacheBehavior [ RunTime:0.000550s ]
INFO: [ app_begin ] --END-- [ RunTime:0.000621s ]
INFO: [ view_parse ] --START--
INFO: [ template_filter ] --START--
INFO: Run Behavior\ContentReplaceBehavior [ RunTime:0.000036s ]
INFO: [ template_filter ] --END-- [ RunTime:0.000100s ]
INFO: Run Behavior\ParseTemplateBehavior [ RunTime:0.015256s ]
INFO: [ view_parse ] --END-- [ RunTime:0.015331s ]
INFO: [ view_filter ] --START--
INFO: Run Behavior\WriteHtmlCacheBehavior [ RunTime:0.000337s ]
INFO: [ view_filter ] --END-- [ RunTime:0.000403s ]
INFO: [ app_end ] --START--
INFO: Run Behavior\ShowPageTraceBehavior [ RunTime:0.000605s ]
INFO: [ app_end ] --END-- [ RunTime:0.000655s ]

[ 2015-02-04T14:59:41+08:00 ] 127.0.0.1 /QiJi/index.php/Home/Index/test
INFO: [ app_init ] --START--
INFO: Run Behavior\BuildLiteBehavior [ RunTime:0.000014s ]
INFO: [ app_init ] --END-- [ RunTime:0.000372s ]
INFO: [ app_begin ] --START--
INFO: Run Behavior\ReadHtmlCacheBehavior [ RunTime:0.000567s ]
INFO: [ app_begin ] --END-- [ RunTime:0.000637s ]
INFO: [ view_parse ] --START--
INFO: [ template_filter ] --START--
INFO: Run Behavior\ContentReplaceBehavior [ RunTime:0.000036s ]
INFO: [ template_filter ] --END-- [ RunTime:0.000116s ]
INFO: Run Behavior\ParseTemplateBehavior [ RunTime:0.009328s ]
INFO: [ view_parse ] --END-- [ RunTime:0.009409s ]
INFO: [ view_filter ] --START--
INFO: Run Behavior\WriteHtmlCacheBehavior [ RunTime:0.000316s ]
INFO: [ view_filter ] --END-- [ RunTime:0.000371s ]
INFO: [ app_end ] --START--
INFO: Run Behavior\ShowPageTraceBehavior [ RunTime:0.000558s ]
INFO: [ app_end ] --END-- [ RunTime:0.000622s ]

[ 2015-02-04T15:00:35+08:00 ] 127.0.0.1 /QiJi/index.php/Home/Index/test
INFO: [ app_init ] --START--
INFO: Run Behavior\BuildLiteBehavior [ RunTime:0.000014s ]
INFO: [ app_init ] --END-- [ RunTime:0.000369s ]
INFO: [ app_begin ] --START--
INFO: Run Behavior\ReadHtmlCacheBehavior [ RunTime:0.000806s ]
INFO: [ app_begin ] --END-- [ RunTime:0.000893s ]
INFO: [ view_parse ] --START--
INFO: [ template_filter ] --START--
INFO: Run Behavior\ContentReplaceBehavior [ RunTime:0.000037s ]
INFO: [ template_filter ] --END-- [ RunTime:0.000108s ]
INFO: Run Behavior\ParseTemplateBehavior [ RunTime:0.011456s ]
INFO: [ view_parse ] --END-- [ RunTime:0.011553s ]
INFO: [ view_filter ] --START--
INFO: Run Behavior\WriteHtmlCacheBehavior [ RunTime:0.000352s ]
INFO: [ view_filter ] --END-- [ RunTime:0.000398s ]
INFO: [ app_end ] --START--
INFO: Run Behavior\ShowPageTraceBehavior [ RunTime:0.000607s ]
INFO: [ app_end ] --END-- [ RunTime:0.000669s ]

[ 2015-02-04T15:01:05+08:00 ] 127.0.0.1 /QiJi/index.php/Home/Index/test
INFO: [ app_init ] --START--
INFO: Run Behavior\BuildLiteBehavior [ RunTime:0.000015s ]
INFO: [ app_init ] --END-- [ RunTime:0.000368s ]
INFO: [ app_begin ] --START--
INFO: Run Behavior\ReadHtmlCacheBehavior [ RunTime:0.000442s ]
INFO: [ app_begin ] --END-- [ RunTime:0.000496s ]
INFO: [ view_parse ] --START--
INFO: [ template_filter ] --START--
INFO: Run Behavior\ContentReplaceBehavior [ RunTime:0.000038s ]
INFO: [ template_filter ] --END-- [ RunTime:0.000105s ]
INFO: Run Behavior\ParseTemplateBehavior [ RunTime:0.008975s ]
INFO: [ view_parse ] --END-- [ RunTime:0.009055s ]
INFO: [ view_filter ] --START--
INFO: Run Behavior\WriteHtmlCacheBehavior [ RunTime:0.000227s ]
INFO: [ view_filter ] --END-- [ RunTime:0.000272s ]
INFO: [ app_end ] --START--
INFO: Run Behavior\ShowPageTraceBehavior [ RunTime:0.000472s ]
INFO: [ app_end ] --END-- [ RunTime:0.000531s ]

[ 2015-02-04T15:03:35+08:00 ] 127.0.0.1 /QiJi/index.php/Home/Index/test
INFO: [ app_init ] --START--
INFO: Run Behavior\BuildLiteBehavior [ RunTime:0.000017s ]
INFO: [ app_init ] --END-- [ RunTime:0.000489s ]
INFO: [ app_begin ] --START--
INFO: Run Behavior\ReadHtmlCacheBehavior [ RunTime:0.000576s ]
INFO: [ app_begin ] --END-- [ RunTime:0.000639s ]
INFO: [ view_parse ] --START--
INFO: [ template_filter ] --START--
INFO: Run Behavior\ContentReplaceBehavior [ RunTime:0.000044s ]
INFO: [ template_filter ] --END-- [ RunTime:0.000112s ]
INFO: Run Behavior\ParseTemplateBehavior [ RunTime:0.010766s ]
INFO: [ view_parse ] --END-- [ RunTime:0.010853s ]
INFO: [ view_filter ] --START--
INFO: Run Behavior\WriteHtmlCacheBehavior [ RunTime:0.000319s ]
INFO: [ view_filter ] --END-- [ RunTime:0.000371s ]
INFO: [ app_end ] --START--
INFO: Run Behavior\ShowPageTraceBehavior [ RunTime:0.000599s ]
INFO: [ app_end ] --END-- [ RunTime:0.000655s ]

[ 2015-02-04T15:03:36+08:00 ] 127.0.0.1 /QiJi/index.php/Home/Index/test
INFO: [ app_init ] --START--
INFO: Run Behavior\BuildLiteBehavior [ RunTime:0.000013s ]
INFO: [ app_init ] --END-- [ RunTime:0.000317s ]
INFO: [ app_begin ] --START--
INFO: Run Behavior\ReadHtmlCacheBehavior [ RunTime:0.000444s ]
INFO: [ app_begin ] --END-- [ RunTime:0.000498s ]
INFO: [ view_parse ] --START--
INFO: [ template_filter ] --START--
INFO: Run Behavior\ContentReplaceBehavior [ RunTime:0.000041s ]
INFO: [ template_filter ] --END-- [ RunTime:0.000105s ]
INFO: Run Behavior\ParseTemplateBehavior [ RunTime:0.005501s ]
INFO: [ view_parse ] --END-- [ RunTime:0.005576s ]
INFO: [ view_filter ] --START--
INFO: Run Behavior\WriteHtmlCacheBehavior [ RunTime:0.000221s ]
INFO: [ view_filter ] --END-- [ RunTime:0.000267s ]
INFO: [ app_end ] --START--
INFO: Run Behavior\ShowPageTraceBehavior [ RunTime:0.000485s ]
INFO: [ app_end ] --END-- [ RunTime:0.000534s ]

[ 2015-02-04T15:56:17+08:00 ] 127.0.0.1 /QiJi/index.php/Home/Index/pregTest
INFO: [ app_init ] --START--
INFO: Run Behavior\BuildLiteBehavior [ RunTime:0.000024s ]
INFO: [ app_init ] --END-- [ RunTime:0.000716s ]
INFO: [ app_begin ] --START--
INFO: Run Behavior\ReadHtmlCacheBehavior [ RunTime:0.001401s ]
INFO: [ app_begin ] --END-- [ RunTime:0.001546s ]
INFO: [ app_end ] --START--
INFO: Run Behavior\ShowPageTraceBehavior [ RunTime:0.000554s ]
INFO: [ app_end ] --END-- [ RunTime:0.000621s ]

[ 2015-02-04T15:58:27+08:00 ] 127.0.0.1 /QiJi/index.php/Home/Index/pregTest
INFO: [ app_init ] --START--
INFO: Run Behavior\BuildLiteBehavior [ RunTime:0.000014s ]
INFO: [ app_init ] --END-- [ RunTime:0.000383s ]
INFO: [ app_begin ] --START--
INFO: Run Behavior\ReadHtmlCacheBehavior [ RunTime:0.000568s ]
INFO: [ app_begin ] --END-- [ RunTime:0.000628s ]
ERR: invalid data source name

[ 2015-02-04T15:59:09+08:00 ] 127.0.0.1 /QiJi/index.php/Home/Index/pregTest
INFO: [ app_init ] --START--
INFO: Run Behavior\BuildLiteBehavior [ RunTime:0.000013s ]
INFO: [ app_init ] --END-- [ RunTime:0.000334s ]
INFO: [ app_begin ] --START--
INFO: Run Behavior\ReadHtmlCacheBehavior [ RunTime:0.000676s ]
INFO: [ app_begin ] --END-- [ RunTime:0.000763s ]
SQL: SELECT * FROM `qj_` WHERE ( id=2 )  [ RunTime:0.000340s ]
ERR: 1146:Table 'test.qj_' doesn't exist
 [ SQL语句 ] : SELECT * FROM `qj_` WHERE ( id=2 ) 
INFO: [ app_end ] --START--
INFO: Run Behavior\ShowPageTraceBehavior [ RunTime:0.000629s ]
INFO: [ app_end ] --END-- [ RunTime:0.000679s ]

[ 2015-02-04T15:59:44+08:00 ] 127.0.0.1 /QiJi/index.php/Home/Index/pregTest
INFO: [ app_init ] --START--
INFO: Run Behavior\BuildLiteBehavior [ RunTime:0.000038s ]
INFO: [ app_init ] --END-- [ RunTime:0.000914s ]
INFO: [ app_begin ] --START--
INFO: Run Behavior\ReadHtmlCacheBehavior [ RunTime:0.000872s ]
INFO: [ app_begin ] --END-- [ RunTime:0.001001s ]
SQL: SELECT * FROM `qj_`  [ RunTime:0.000362s ]
ERR: 1146:Table 'test.qj_' doesn't exist
 [ SQL语句 ] : SELECT * FROM `qj_` 
INFO: [ app_end ] --START--
INFO: Run Behavior\ShowPageTraceBehavior [ RunTime:0.000662s ]
INFO: [ app_end ] --END-- [ RunTime:0.000716s ]

[ 2015-02-04T16:01:48+08:00 ] 127.0.0.1 /QiJi/index.php/Home/Index/pregTest
INFO: [ app_init ] --START--
INFO: Run Behavior\BuildLiteBehavior [ RunTime:0.000013s ]
INFO: [ app_init ] --END-- [ RunTime:0.000341s ]
INFO: [ app_begin ] --START--
INFO: Run Behavior\ReadHtmlCacheBehavior [ RunTime:0.000506s ]
INFO: [ app_begin ] --END-- [ RunTime:0.000558s ]
SQL: SHOW COLUMNS FROM `qj_speed` [ RunTime:0.008430s ]
SQL: SELECT * FROM `qj_speed` WHERE ( id=2 )  [ RunTime:0.000377s ]
INFO: [ app_end ] --START--
INFO: Run Behavior\ShowPageTraceBehavior [ RunTime:0.000627s ]
INFO: [ app_end ] --END-- [ RunTime:0.000680s ]

[ 2015-02-04T16:02:00+08:00 ] 127.0.0.1 /QiJi/index.php/Home/Index/pregTest
INFO: [ app_init ] --START--
INFO: Run Behavior\BuildLiteBehavior [ RunTime:0.000026s ]
INFO: [ app_init ] --END-- [ RunTime:0.000714s ]
INFO: [ app_begin ] --START--
INFO: Run Behavior\ReadHtmlCacheBehavior [ RunTime:0.000755s ]
INFO: [ app_begin ] --END-- [ RunTime:0.000842s ]
SQL: SELECT * FROM `qj_` WHERE ( id=2 )  [ RunTime:0.000402s ]
ERR: 1146:Table 'test.qj_' doesn't exist
 [ SQL语句 ] : SELECT * FROM `qj_` WHERE ( id=2 ) 
INFO: [ app_end ] --START--
INFO: Run Behavior\ShowPageTraceBehavior [ RunTime:0.000700s ]
INFO: [ app_end ] --END-- [ RunTime:0.000754s ]

[ 2015-02-04T16:02:04+08:00 ] 127.0.0.1 /QiJi/index.php/Home/Index/pregTest
INFO: [ app_init ] --START--
INFO: Run Behavior\BuildLiteBehavior [ RunTime:0.000016s ]
INFO: [ app_init ] --END-- [ RunTime:0.000361s ]
INFO: [ app_begin ] --START--
INFO: Run Behavior\ReadHtmlCacheBehavior [ RunTime:0.000492s ]
INFO: [ app_begin ] --END-- [ RunTime:0.000552s ]
SQL: SELECT * FROM `qj_` WHERE ( id=2 )  [ RunTime:0.000357s ]
ERR: 1146:Table 'test.qj_' doesn't exist
 [ SQL语句 ] : SELECT * FROM `qj_` WHERE ( id=2 ) 
INFO: [ app_end ] --START--
INFO: Run Behavior\ShowPageTraceBehavior [ RunTime:0.000656s ]
INFO: [ app_end ] --END-- [ RunTime:0.000718s ]

[ 2015-02-04T16:02:05+08:00 ] 127.0.0.1 /QiJi/index.php/Home/Index/pregTest
INFO: [ app_init ] --START--
INFO: Run Behavior\BuildLiteBehavior [ RunTime:0.000015s ]
INFO: [ app_init ] --END-- [ RunTime:0.000345s ]
INFO: [ app_begin ] --START--
INFO: Run Behavior\ReadHtmlCacheBehavior [ RunTime:0.000483s ]
INFO: [ app_begin ] --END-- [ RunTime:0.000555s ]
SQL: SELECT * FROM `qj_` WHERE ( id=2 )  [ RunTime:0.000346s ]
ERR: 1146:Table 'test.qj_' doesn't exist
 [ SQL语句 ] : SELECT * FROM `qj_` WHERE ( id=2 ) 
INFO: [ app_end ] --START--
INFO: Run Behavior\ShowPageTraceBehavior [ RunTime:0.000657s ]
INFO: [ app_end ] --END-- [ RunTime:0.000715s ]

[ 2015-02-04T16:02:05+08:00 ] 127.0.0.1 /QiJi/index.php/Home/Index/pregTest
INFO: [ app_init ] --START--
INFO: Run Behavior\BuildLiteBehavior [ RunTime:0.000016s ]
INFO: [ app_init ] --END-- [ RunTime:0.000399s ]
INFO: [ app_begin ] --START--
INFO: Run Behavior\ReadHtmlCacheBehavior [ RunTime:0.000488s ]
INFO: [ app_begin ] --END-- [ RunTime:0.000548s ]
SQL: SELECT * FROM `qj_` WHERE ( id=2 )  [ RunTime:0.000430s ]
ERR: 1146:Table 'test.qj_' doesn't exist
 [ SQL语句 ] : SELECT * FROM `qj_` WHERE ( id=2 ) 
INFO: [ app_end ] --START--
INFO: Run Behavior\ShowPageTraceBehavior [ RunTime:0.000643s ]
INFO: [ app_end ] --END-- [ RunTime:0.000702s ]

[ 2015-02-04T16:02:12+08:00 ] 127.0.0.1 /QiJi/index.php/Home/Index/pregTest
INFO: [ app_init ] --START--
INFO: Run Behavior\BuildLiteBehavior [ RunTime:0.000014s ]
INFO: [ app_init ] --END-- [ RunTime:0.000348s ]
INFO: [ app_begin ] --START--
INFO: Run Behavior\ReadHtmlCacheBehavior [ RunTime:0.000521s ]
INFO: [ app_begin ] --END-- [ RunTime:0.000572s ]
SQL: SHOW COLUMNS FROM `qj_speed` [ RunTime:0.009443s ]
SQL: SELECT * FROM `qj_speed` WHERE ( id=2 )  [ RunTime:0.000369s ]
INFO: [ app_end ] --START--
INFO: Run Behavior\ShowPageTraceBehavior [ RunTime:0.000622s ]
INFO: [ app_end ] --END-- [ RunTime:0.000672s ]

[ 2015-02-04T16:03:55+08:00 ] 127.0.0.1 /QiJi/index.php/Home/Index/pregTest
INFO: [ app_init ] --START--
INFO: Run Behavior\BuildLiteBehavior [ RunTime:0.000015s ]
INFO: [ app_init ] --END-- [ RunTime:0.000358s ]
INFO: [ app_begin ] --START--
INFO: Run Behavior\ReadHtmlCacheBehavior [ RunTime:0.000497s ]
INFO: [ app_begin ] --END-- [ RunTime:0.000558s ]
ERR: Access denied for user ''@'localhost' to database 'ost=localhost;dbname=test;sharset=utf-8'

[ 2015-02-04T16:05:19+08:00 ] 127.0.0.1 /QiJi/index.php/Home/Index/pregTest
INFO: [ app_init ] --START--
INFO: Run Behavior\BuildLiteBehavior [ RunTime:0.000037s ]
INFO: [ app_init ] --END-- [ RunTime:0.000836s ]
INFO: [ app_begin ] --START--
INFO: Run Behavior\ReadHtmlCacheBehavior [ RunTime:0.001126s ]
INFO: [ app_begin ] --END-- [ RunTime:0.001253s ]
ERR: Access denied for user ''@'localhost' to database 'ost=localhost;dbname=test;sharset=utf-8'

[ 2015-02-04T16:05:20+08:00 ] 127.0.0.1 /QiJi/index.php/Home/Index/pregTest
INFO: [ app_init ] --START--
INFO: Run Behavior\BuildLiteBehavior [ RunTime:0.000039s ]
INFO: [ app_init ] --END-- [ RunTime:0.000935s ]
INFO: [ app_begin ] --START--
INFO: Run Behavior\ReadHtmlCacheBehavior [ RunTime:0.000932s ]
INFO: [ app_begin ] --END-- [ RunTime:0.001050s ]
ERR: Access denied for user ''@'localhost' to database 'ost=localhost;dbname=test;sharset=utf-8'

[ 2015-02-04T16:05:21+08:00 ] 127.0.0.1 /QiJi/index.php/Home/Index/pregTest
INFO: [ app_init ] --START--
INFO: Run Behavior\BuildLiteBehavior [ RunTime:0.000013s ]
INFO: [ app_init ] --END-- [ RunTime:0.000303s ]
INFO: [ app_begin ] --START--
INFO: Run Behavior\ReadHtmlCacheBehavior [ RunTime:0.000399s ]
INFO: [ app_begin ] --END-- [ RunTime:0.000448s ]
ERR: Access denied for user ''@'localhost' to database 'ost=localhost;dbname=test;sharset=utf-8'

[ 2015-02-04T16:05:21+08:00 ] 127.0.0.1 /QiJi/index.php/Home/Index/pregTest
INFO: [ app_init ] --START--
INFO: Run Behavior\BuildLiteBehavior [ RunTime:0.000023s ]
INFO: [ app_init ] --END-- [ RunTime:0.000464s ]
INFO: [ app_begin ] --START--
INFO: Run Behavior\ReadHtmlCacheBehavior [ RunTime:0.000619s ]
INFO: [ app_begin ] --END-- [ RunTime:0.000700s ]
ERR: Access denied for user ''@'localhost' to database 'ost=localhost;dbname=test;sharset=utf-8'

[ 2015-02-04T16:05:21+08:00 ] 127.0.0.1 /QiJi/index.php/Home/Index/pregTest
INFO: [ app_init ] --START--
INFO: Run Behavior\BuildLiteBehavior [ RunTime:0.000025s ]
INFO: [ app_init ] --END-- [ RunTime:0.000597s ]
INFO: [ app_begin ] --START--
INFO: Run Behavior\ReadHtmlCacheBehavior [ RunTime:0.000843s ]
INFO: [ app_begin ] --END-- [ RunTime:0.000941s ]
ERR: Access denied for user ''@'localhost' to database 'ost=localhost;dbname=test;sharset=utf-8'

[ 2015-02-04T16:05:21+08:00 ] 127.0.0.1 /QiJi/index.php/Home/Index/pregTest
INFO: [ app_init ] --START--
INFO: Run Behavior\BuildLiteBehavior [ RunTime:0.000012s ]
INFO: [ app_init ] --END-- [ RunTime:0.000296s ]
INFO: [ app_begin ] --START--
INFO: Run Behavior\ReadHtmlCacheBehavior [ RunTime:0.000407s ]
INFO: [ app_begin ] --END-- [ RunTime:0.000459s ]
ERR: Access denied for user ''@'localhost' to database 'ost=localhost;dbname=test;sharset=utf-8'

[ 2015-02-04T16:05:35+08:00 ] 127.0.0.1 /QiJi/index.php/Home/Index/pregTest
INFO: [ app_init ] --START--
INFO: Run Behavior\BuildLiteBehavior [ RunTime:0.000015s ]
INFO: [ app_init ] --END-- [ RunTime:0.000378s ]
INFO: [ app_begin ] --START--
INFO: Run Behavior\ReadHtmlCacheBehavior [ RunTime:0.000527s ]
INFO: [ app_begin ] --END-- [ RunTime:0.000585s ]
ERR: Access denied for user ''@'localhost' to database 'ost=localhost;dbname=test;charset=utf-8'

[ 2015-02-04T16:05:35+08:00 ] 127.0.0.1 /QiJi/index.php/Home/Index/pregTest
INFO: [ app_init ] --START--
INFO: Run Behavior\BuildLiteBehavior [ RunTime:0.000023s ]
INFO: [ app_init ] --END-- [ RunTime:0.000507s ]
INFO: [ app_begin ] --START--
INFO: Run Behavior\ReadHtmlCacheBehavior [ RunTime:0.000676s ]
INFO: [ app_begin ] --END-- [ RunTime:0.000767s ]
ERR: Access denied for user ''@'localhost' to database 'ost=localhost;dbname=test;charset=utf-8'

[ 2015-02-04T16:05:36+08:00 ] 127.0.0.1 /QiJi/index.php/Home/Index/pregTest
INFO: [ app_init ] --START--
INFO: Run Behavior\BuildLiteBehavior [ RunTime:0.000013s ]
INFO: [ app_init ] --END-- [ RunTime:0.000303s ]
INFO: [ app_begin ] --START--
INFO: Run Behavior\ReadHtmlCacheBehavior [ RunTime:0.000406s ]
INFO: [ app_begin ] --END-- [ RunTime:0.000456s ]
ERR: Access denied for user ''@'localhost' to database 'ost=localhost;dbname=test;charset=utf-8'

[ 2015-02-04T16:05:36+08:00 ] 127.0.0.1 /QiJi/index.php/Home/Index/pregTest
INFO: [ app_init ] --START--
INFO: Run Behavior\BuildLiteBehavior [ RunTime:0.000013s ]
INFO: [ app_init ] --END-- [ RunTime:0.000341s ]
INFO: [ app_begin ] --START--
INFO: Run Behavior\ReadHtmlCacheBehavior [ RunTime:0.000562s ]
INFO: [ app_begin ] --END-- [ RunTime:0.000627s ]
ERR: Access denied for user ''@'localhost' to database 'ost=localhost;dbname=test;charset=utf-8'

[ 2015-02-04T16:05:36+08:00 ] 127.0.0.1 /QiJi/index.php/Home/Index/pregTest
INFO: [ app_init ] --START--
INFO: Run Behavior\BuildLiteBehavior [ RunTime:0.000014s ]
INFO: [ app_init ] --END-- [ RunTime:0.000355s ]
INFO: [ app_begin ] --START--
INFO: Run Behavior\ReadHtmlCacheBehavior [ RunTime:0.000411s ]
INFO: [ app_begin ] --END-- [ RunTime:0.000463s ]
ERR: Access denied for user ''@'localhost' to database 'ost=localhost;dbname=test;charset=utf-8'

[ 2015-02-04T16:05:36+08:00 ] 127.0.0.1 /QiJi/index.php/Home/Index/pregTest
INFO: [ app_init ] --START--
INFO: Run Behavior\BuildLiteBehavior [ RunTime:0.000020s ]
INFO: [ app_init ] --END-- [ RunTime:0.000513s ]
INFO: [ app_begin ] --START--
INFO: Run Behavior\ReadHtmlCacheBehavior [ RunTime:0.000685s ]
INFO: [ app_begin ] --END-- [ RunTime:0.000781s ]
ERR: Access denied for user ''@'localhost' to database 'ost=localhost;dbname=test;charset=utf-8'

[ 2015-02-04T16:05:36+08:00 ] 127.0.0.1 /QiJi/index.php/Home/Index/pregTest
INFO: [ app_init ] --START--
INFO: Run Behavior\BuildLiteBehavior [ RunTime:0.000017s ]
INFO: [ app_init ] --END-- [ RunTime:0.000396s ]
INFO: [ app_begin ] --START--
INFO: Run Behavior\ReadHtmlCacheBehavior [ RunTime:0.000864s ]
INFO: [ app_begin ] --END-- [ RunTime:0.000968s ]
ERR: Access denied for user ''@'localhost' to database 'ost=localhost;dbname=test;charset=utf-8'

[ 2015-02-04T16:05:51+08:00 ] 127.0.0.1 /QiJi/index.php/Home/Index/pregTest
INFO: [ app_init ] --START--
INFO: Run Behavior\BuildLiteBehavior [ RunTime:0.000014s ]
INFO: [ app_init ] --END-- [ RunTime:0.000311s ]
INFO: [ app_begin ] --START--
INFO: Run Behavior\ReadHtmlCacheBehavior [ RunTime:0.000425s ]
INFO: [ app_begin ] --END-- [ RunTime:0.000477s ]
SQL: DESCRIBE qj_speed [ RunTime:0.031455s ]
SQL: SELECT * FROM `qj_speed` WHERE ( id=2 )  [ RunTime:0.000537s ]
INFO: [ app_end ] --START--
INFO: Run Behavior\ShowPageTraceBehavior [ RunTime:0.000650s ]
INFO: [ app_end ] --END-- [ RunTime:0.000708s ]

[ 2015-02-04T16:06:01+08:00 ] 127.0.0.1 /QiJi/index.php/Home/Index/pregTest
INFO: [ app_init ] --START--
INFO: Run Behavior\BuildLiteBehavior [ RunTime:0.000015s ]
INFO: [ app_init ] --END-- [ RunTime:0.000336s ]
INFO: [ app_begin ] --START--
INFO: Run Behavior\ReadHtmlCacheBehavior [ RunTime:0.000457s ]
INFO: [ app_begin ] --END-- [ RunTime:0.000511s ]
SQL: DESCRIBE qj_speed [ RunTime:0.012952s ]
SQL: SELECT * FROM `qj_speed` WHERE ( id=2 )  [ RunTime:0.000491s ]
INFO: [ app_end ] --START--
INFO: Run Behavior\ShowPageTraceBehavior [ RunTime:0.000629s ]
INFO: [ app_end ] --END-- [ RunTime:0.000679s ]

[ 2015-02-04T16:06:02+08:00 ] 127.0.0.1 /QiJi/index.php/Home/Index/pregTest
INFO: [ app_init ] --START--
INFO: Run Behavior\BuildLiteBehavior [ RunTime:0.000014s ]
INFO: [ app_init ] --END-- [ RunTime:0.000298s ]
INFO: [ app_begin ] --START--
INFO: Run Behavior\ReadHtmlCacheBehavior [ RunTime:0.000398s ]
INFO: [ app_begin ] --END-- [ RunTime:0.000446s ]
SQL: DESCRIBE qj_speed [ RunTime:0.012007s ]
SQL: SELECT * FROM `qj_speed` WHERE ( id=2 )  [ RunTime:0.000501s ]
INFO: [ app_end ] --START--
INFO: Run Behavior\ShowPageTraceBehavior [ RunTime:0.000534s ]
INFO: [ app_end ] --END-- [ RunTime:0.000589s ]

[ 2015-02-04T16:06:02+08:00 ] 127.0.0.1 /QiJi/index.php/Home/Index/pregTest
INFO: [ app_init ] --START--
INFO: Run Behavior\BuildLiteBehavior [ RunTime:0.000013s ]
INFO: [ app_init ] --END-- [ RunTime:0.000299s ]
INFO: [ app_begin ] --START--
INFO: Run Behavior\ReadHtmlCacheBehavior [ RunTime:0.000407s ]
INFO: [ app_begin ] --END-- [ RunTime:0.000456s ]
SQL: DESCRIBE qj_speed [ RunTime:0.010116s ]
SQL: SELECT * FROM `qj_speed` WHERE ( id=2 )  [ RunTime:0.000566s ]
INFO: [ app_end ] --START--
INFO: Run Behavior\ShowPageTraceBehavior [ RunTime:0.000760s ]
INFO: [ app_end ] --END-- [ RunTime:0.000830s ]

[ 2015-02-04T16:06:02+08:00 ] 127.0.0.1 /QiJi/index.php/Home/Index/pregTest
INFO: [ app_init ] --START--
INFO: Run Behavior\BuildLiteBehavior [ RunTime:0.000015s ]
INFO: [ app_init ] --END-- [ RunTime:0.000330s ]
INFO: [ app_begin ] --START--
INFO: Run Behavior\ReadHtmlCacheBehavior [ RunTime:0.000472s ]
INFO: [ app_begin ] --END-- [ RunTime:0.000531s ]
SQL: DESCRIBE qj_speed [ RunTime:0.011291s ]
SQL: SELECT * FROM `qj_speed` WHERE ( id=2 )  [ RunTime:0.000772s ]
INFO: [ app_end ] --START--
INFO: Run Behavior\ShowPageTraceBehavior [ RunTime:0.000584s ]
INFO: [ app_end ] --END-- [ RunTime:0.000635s ]

